Using pre-set license
Built from '2021.3/evg/staging/82bb020e-b03b1330/draft-0' branch; Version is '2021.3.16f1 (4016570cf34f) revision 4200023'; Using compiler version '192829333'; Build Type 'Release'
OS: 'Windows 11  (10.0.22621) 64bit CoreSingleLanguage' Language: 'en' Physical Memory: 7521 MB
BatchMode: 1, IsHumanControllingUs: 0, StartBugReporterOnCrash: 0, Is64bit: 1, IsPro: 1

COMMAND LINE ARGUMENTS:
C:\Program Files\Unity\Hub\Editor\2021.3.16f1\Editor\Unity.exe
-adb2
-batchMode
-noUpm
-name
AssetImportWorker0
-projectPath
C:/Users/shers/Documents/GitHub/GameExpanseGame
-logFile
Logs/AssetImportWorker0.log
-srvPort
53442
Successfully changed project path to: C:/Users/shers/Documents/GitHub/GameExpanseGame
C:/Users/shers/Documents/GitHub/GameExpanseGame
[UnityMemory] Configuration Parameters - Can be set up in boot.config
    "memorysetup-bucket-allocator-granularity=16"
    "memorysetup-bucket-allocator-bucket-count=8"
    "memorysetup-bucket-allocator-block-size=33554432"
    "memorysetup-bucket-allocator-block-count=8"
    "memorysetup-main-allocator-block-size=16777216"
    "memorysetup-thread-allocator-block-size=16777216"
    "memorysetup-gfx-main-allocator-block-size=16777216"
    "memorysetup-gfx-thread-allocator-block-size=16777216"
    "memorysetup-cache-allocator-block-size=4194304"
    "memorysetup-typetree-allocator-block-size=2097152"
    "memorysetup-profiler-bucket-allocator-granularity=16"
    "memorysetup-profiler-bucket-allocator-bucket-count=8"
    "memorysetup-profiler-bucket-allocator-block-size=33554432"
    "memorysetup-profiler-bucket-allocator-block-count=8"
    "memorysetup-profiler-allocator-block-size=16777216"
    "memorysetup-profiler-editor-allocator-block-size=1048576"
    "memorysetup-temp-allocator-size-main=16777216"
    "memorysetup-job-temp-allocator-block-size=2097152"
    "memorysetup-job-temp-allocator-block-size-background=1048576"
    "memorysetup-job-temp-allocator-reduction-small-platforms=262144"
    "memorysetup-temp-allocator-size-background-worker=32768"
    "memorysetup-temp-allocator-size-job-worker=262144"
    "memorysetup-temp-allocator-size-preload-manager=33554432"
    "memorysetup-temp-allocator-size-nav-mesh-worker=65536"
    "memorysetup-temp-allocator-size-audio-worker=65536"
    "memorysetup-temp-allocator-size-cloud-worker=32768"
    "memorysetup-temp-allocator-size-gi-baking-worker=262144"
    "memorysetup-temp-allocator-size-gfx=262144"
Player connection [33420] Host "[IP] 10.5.227.155 [Port] 0 [Flags] 2 [Guid] 39238470 [EditorId] 39238470 [Version] 1048832 [Id] WindowsEditor(7,ShreyS) [Debug] 1 [PackageName] WindowsEditor [ProjectName] Editor" joined multi-casting on [225.0.0.222:54997]...

Player connection [33420] Host "[IP] 10.5.227.155 [Port] 0 [Flags] 2 [Guid] 39238470 [EditorId] 39238470 [Version] 1048832 [Id] WindowsEditor(7,ShreyS) [Debug] 1 [PackageName] WindowsEditor [ProjectName] Editor" joined alternative multi-casting on [225.0.0.222:34997]...

Refreshing native plugins compatible for Editor in 117.79 ms, found 3 plugins.
Preloading 0 native plugins for Editor in 0.00 ms.
Initialize engine version: 2021.3.16f1 (4016570cf34f)
[Subsystems] Discovering subsystems at path C:/Program Files/Unity/Hub/Editor/2021.3.16f1/Editor/Data/Resources/UnitySubsystems
[Subsystems] Discovering subsystems at path C:/Users/shers/Documents/GitHub/GameExpanseGame/Assets
GfxDevice: creating device client; threaded=0; jobified=0
Direct3D:
    Version:  Direct3D 11.0 [level 11.1]
    Renderer: NVIDIA GeForce RTX 3050 Ti Laptop GPU (ID=0x25a0)
    Vendor:   NVIDIA
    VRAM:     3990 MB
    Driver:   30.0.15.1278
Initialize mono
Mono path[0] = 'C:/Program Files/Unity/Hub/Editor/2021.3.16f1/Editor/Data/Managed'
Mono path[1] = 'C:/Program Files/Unity/Hub/Editor/2021.3.16f1/Editor/Data/MonoBleedingEdge/lib/mono/unityjit-win32'
Mono config path = 'C:/Program Files/Unity/Hub/Editor/2021.3.16f1/Editor/Data/MonoBleedingEdge/etc'
Using monoOptions --debugger-agent=transport=dt_socket,embedding=1,server=y,suspend=n,address=127.0.0.1:56732
Begin MonoManager ReloadAssembly
Registering precompiled unity dll's ...
Register platform support module: C:/Program Files/Unity/Hub/Editor/2021.3.16f1/Editor/Data/PlaybackEngines/WebGLSupport/UnityEditor.WebGL.Extensions.dll
Register platform support module: C:/Program Files/Unity/Hub/Editor/2021.3.16f1/Editor/Data/PlaybackEngines/WindowsStandaloneSupport/UnityEditor.WindowsStandalone.Extensions.dll
Registered in 0.008888 seconds.
Native extension for WindowsStandalone target not found
Native extension for WebGL target not found
Refreshing native plugins compatible for Editor in 109.99 ms, found 3 plugins.
Preloading 0 native plugins for Editor in 0.00 ms.
Mono: successfully reloaded assembly
- Completed reload, in  1.041 seconds
Domain Reload Profiling:
	ReloadAssembly (1043ms)
		BeginReloadAssembly (124ms)
			ExecutionOrderSort (0ms)
			DisableScriptedObjects (0ms)
			BackupInstance (0ms)
			ReleaseScriptingObjects (0ms)
			CreateAndSetChildDomain (1ms)
		EndReloadAssembly (724ms)
			LoadAssemblies (122ms)
			RebuildTransferFunctionScriptingTraits (0ms)
			SetupTypeCache (159ms)
			ReleaseScriptCaches (0ms)
			RebuildScriptCaches (43ms)
			SetupLoadedEditorAssemblies (436ms)
				LogAssemblyErrors (0ms)
				InitializePlatformSupportModulesInManaged (12ms)
				SetLoadedEditorAssemblies (0ms)
				RefreshPlugins (110ms)
				BeforeProcessingInitializeOnLoad (2ms)
				ProcessInitializeOnLoadAttributes (208ms)
				ProcessInitializeOnLoadMethodAttributes (102ms)
				AfterProcessingInitializeOnLoad (0ms)
				EditorAssembliesLoaded (0ms)
			ExecutionOrderSort2 (0ms)
			AwakeInstancesAfterBackupRestoration (0ms)
Platform modules already initialized, skipping
Registering precompiled user dll's ...
Registered in 0.013610 seconds.
Begin MonoManager ReloadAssembly
Symbol file LoadedFromMemory doesn't match image C:\Users\shers\Documents\GitHub\GameExpanseGame\Library\PackageCache\com.unity.visualscripting@1.7.8\Editor\VisualScripting.Core\Dependencies\YamlDotNet\Unity.VisualScripting.YamlDotNet.dll
Symbol file LoadedFromMemory doesn't match image C:\Users\shers\Documents\GitHub\GameExpanseGame\Library\PackageCache\com.unity.visualscripting@1.7.8\Editor\VisualScripting.Core\Dependencies\DotNetZip\Unity.VisualScripting.IonicZip.dll
Native extension for WindowsStandalone target not found
Native extension for WebGL target not found
Refreshing native plugins compatible for Editor in 0.79 ms, found 3 plugins.
Preloading 0 native plugins for Editor in 0.00 ms.
Mono: successfully reloaded assembly
- Completed reload, in  1.794 seconds
Domain Reload Profiling:
	ReloadAssembly (1795ms)
		BeginReloadAssembly (177ms)
			ExecutionOrderSort (0ms)
			DisableScriptedObjects (9ms)
			BackupInstance (0ms)
			ReleaseScriptingObjects (0ms)
			CreateAndSetChildDomain (27ms)
		EndReloadAssembly (1417ms)
			LoadAssemblies (169ms)
			RebuildTransferFunctionScriptingTraits (0ms)
			SetupTypeCache (468ms)
			ReleaseScriptCaches (1ms)
			RebuildScriptCaches (75ms)
			SetupLoadedEditorAssemblies (631ms)
				LogAssemblyErrors (0ms)
				InitializePlatformSupportModulesInManaged (9ms)
				SetLoadedEditorAssemblies (1ms)
				RefreshPlugins (1ms)
				BeforeProcessingInitializeOnLoad (138ms)
				ProcessInitializeOnLoadAttributes (396ms)
				ProcessInitializeOnLoadMethodAttributes (72ms)
				AfterProcessingInitializeOnLoad (14ms)
				EditorAssembliesLoaded (0ms)
			ExecutionOrderSort2 (0ms)
			AwakeInstancesAfterBackupRestoration (11ms)
Platform modules already initialized, skipping
========================================================================
Worker process is ready to serve import requests
Launched and connected shader compiler UnityShaderCompiler.exe after 0.15 seconds
Refreshing native plugins compatible for Editor in 0.82 ms, found 3 plugins.
Preloading 0 native plugins for Editor in 0.00 ms.
Unloading 3362 Unused Serialized files (Serialized files now loaded: 0)
Unloading 25 unused Assets / (56.5 KB). Loaded Objects now: 3821.
Memory consumption went from 115.5 MB to 115.5 MB.
Total: 4.956600 ms (FindLiveObjects: 0.586300 ms CreateObjectMapping: 0.209900 ms MarkObjects: 4.039800 ms  DeleteObjects: 0.118600 ms)

AssetImportParameters requested are different than current active one (requested -> active):
  custom:video-decoder-ogg-theora: a1e56fd34408186e4bbccfd4996cb3dc -> 
  custom:container-muxer-webm: aa71ff27fc2769a1b78a27578f13a17b -> 
  custom:container-demuxer-webm: 4f35f7cbe854078d1ac9338744f61a02 -> 
  custom:video-encoder-webm-vp8: eb34c28f22e8b96e1ab97ce403110664 -> 
  custom:video-codec-MediaFoundation-h265: 746d11721c4dcdbdad8f713fa42b33f4 -> 
  custom:audio-encoder-webm-vorbis: bf7c407c2cedff20999df2af8eb42d56 -> 
  custom:framework-win-MediaFoundation: 216162199b28c13a410421893ffa2e32 -> 
  custom:container-demuxer-ogg: 62fdf1f143b41e24485cea50d1cbac27 -> 
  custom:video-decoder-webm-vp8: 9c59270c3fd7afecdb556c50c9e8de78 -> 
  custom:audio-decoder-ogg-vorbis: bf7c407c2cedff20999df2af8eb42d56 -> 
========================================================================
Received Import Request.
  Time since last request: 92271.064833 seconds.
  path: Assets/Prefabs
  artifactKey: Guid(a20e54a853f9fa04399802acdca67a92) Importer(815301076,1909f56bfc062723c751e8b465ee728b)
Start importing Assets/Prefabs using Guid(a20e54a853f9fa04399802acdca67a92) Importer(815301076,1909f56bfc062723c751e8b465ee728b)  -> (artifact id: 'ac8fefbb0cf1315d3b90041674bffbad') in 0.025685 seconds 
========================================================================
Received Import Request.
  Time since last request: 0.000027 seconds.
  path: Assets/Prefabs/Ground.prefab
  artifactKey: Guid(dcfba8a61bca63a4e8d7899e96867a77) Importer(815301076,1909f56bfc062723c751e8b465ee728b)
Start importing Assets/Prefabs/Ground.prefab using Guid(dcfba8a61bca63a4e8d7899e96867a77) Importer(815301076,1909f56bfc062723c751e8b465ee728b)  -> (artifact id: 'c9e7be2cc1c17ba47d8c27a338e6050f') in 0.210397 seconds 
========================================================================
Received Import Request.
  Time since last request: 96.373872 seconds.
  path: Assets/Material
  artifactKey: Guid(b2e2759b2864e7d4ca889abc21d873e5) Importer(815301076,1909f56bfc062723c751e8b465ee728b)
Start importing Assets/Material using Guid(b2e2759b2864e7d4ca889abc21d873e5) Importer(815301076,1909f56bfc062723c751e8b465ee728b)  -> (artifact id: 'c5ddd08547464124a59fa2ec8e8ab958') in 0.051948 seconds 
========================================================================
Received Import Request.
  Time since last request: 0.073167 seconds.
  path: Assets/Material/Darkness.mat
  artifactKey: Guid(753e70368050f1e4ea01129f1e0acd12) Importer(815301076,1909f56bfc062723c751e8b465ee728b)
Start importing Assets/Material/Darkness.mat using Guid(753e70368050f1e4ea01129f1e0acd12) Importer(815301076,1909f56bfc062723c751e8b465ee728b)  -> (artifact id: '9ab165e1044828cfc95c6bf637eef406') in 0.068253 seconds 
========================================================================
Received Import Request.
  Time since last request: 151.171455 seconds.
  path: Assets/Scenes
  artifactKey: Guid(6ea315d0fd7389c41b19996891e99ae3) Importer(815301076,1909f56bfc062723c751e8b465ee728b)
Start importing Assets/Scenes using Guid(6ea315d0fd7389c41b19996891e99ae3) Importer(815301076,1909f56bfc062723c751e8b465ee728b)  -> (artifact id: 'bc172811d573b296104adb4d2728db37') in 0.015156 seconds 
========================================================================
Received Import Request.
  Time since last request: 20.919241 seconds.
  path: Assets/Scenes/BaseGame.unity
  artifactKey: Guid(859ce1097643cfc40b6a788ba61e7bb8) Importer(815301076,1909f56bfc062723c751e8b465ee728b)
Start importing Assets/Scenes/BaseGame.unity using Guid(859ce1097643cfc40b6a788ba61e7bb8) Importer(815301076,1909f56bfc062723c751e8b465ee728b)  -> (artifact id: '3c5ad50b155e412685676d4293ffbfe8') in 0.017696 seconds 
========================================================================
Received Import Request.
  Time since last request: 24.521721 seconds.
  path: Assets/Scenes/SampleScene.unity
  artifactKey: Guid(9fc0d4010bbf28b4594072e72b8655ab) Importer(815301076,1909f56bfc062723c751e8b465ee728b)
Start importing Assets/Scenes/SampleScene.unity using Guid(9fc0d4010bbf28b4594072e72b8655ab) Importer(815301076,1909f56bfc062723c751e8b465ee728b)  -> (artifact id: '8f2dbbc1cedfd0107ca1ad38e8220053') in 0.011516 seconds 
========================================================================
Received Import Request.
  Time since last request: 691.930890 seconds.
  path: Assets/Import
  artifactKey: Guid(0cd3362786651c646bac066f699637d7) Importer(815301076,1909f56bfc062723c751e8b465ee728b)
Start importing Assets/Import using Guid(0cd3362786651c646bac066f699637d7) Importer(815301076,1909f56bfc062723c751e8b465ee728b)  -> (artifact id: '7bfc310d6c113d86b825cef70eb20ae9') in 0.017101 seconds 
========================================================================
Received Import Request.
  Time since last request: 35.056133 seconds.
  path: Assets/Import/Ellipse 1.png
  artifactKey: Guid(1f8056da75225e443905796ddae69ff4) Importer(815301076,1909f56bfc062723c751e8b465ee728b)
Start importing Assets/Import/Ellipse 1.png using Guid(1f8056da75225e443905796ddae69ff4) Importer(815301076,1909f56bfc062723c751e8b465ee728b)  -> (artifact id: '03a87fb835849b25fe7539f641b0abe5') in 0.107502 seconds 
========================================================================
Received Import Request.
  Time since last request: 189.129168 seconds.
  path: Assets/Import/Materials
  artifactKey: Guid(a66ad3696dc34e64f808b00af437a557) Importer(815301076,1909f56bfc062723c751e8b465ee728b)
Start importing Assets/Import/Materials using Guid(a66ad3696dc34e64f808b00af437a557) Importer(815301076,1909f56bfc062723c751e8b465ee728b)  -> (artifact id: 'fa8b47bb09199a92472c4f9ba531b83f') in 0.017502 seconds 
========================================================================
Received Import Request.
  Time since last request: 0.068757 seconds.
  path: Assets/Import/Materials/Ellipse 1.mat
  artifactKey: Guid(8bdfe0419316c51408279772d0e6f853) Importer(815301076,1909f56bfc062723c751e8b465ee728b)
Start importing Assets/Import/Materials/Ellipse 1.mat using Guid(8bdfe0419316c51408279772d0e6f853) Importer(815301076,1909f56bfc062723c751e8b465ee728b)  -> (artifact id: '7706d0d99ab3cea33791271fdb9d7224') in 0.035271 seconds 
========================================================================
Received Import Request.
  Time since last request: 201.999168 seconds.
  path: Assets/Import/Materials/New Material.mat
  artifactKey: Guid(48190b58d631eba4bafa86596270f2b9) Importer(815301076,1909f56bfc062723c751e8b465ee728b)
Start importing Assets/Import/Materials/New Material.mat using Guid(48190b58d631eba4bafa86596270f2b9) Importer(815301076,1909f56bfc062723c751e8b465ee728b)  -> (artifact id: 'c639dcffc9089e78eeacd9d1bc26cff0') in 0.027226 seconds 
========================================================================
Received Import Request.
  Time since last request: 293.279493 seconds.
  path: Assets/Material/Darkness.mat
  artifactKey: Guid(753e70368050f1e4ea01129f1e0acd12) Importer(815301076,1909f56bfc062723c751e8b465ee728b)
Start importing Assets/Material/Darkness.mat using Guid(753e70368050f1e4ea01129f1e0acd12) Importer(815301076,1909f56bfc062723c751e8b465ee728b)  -> (artifact id: '28e208e9d61619b7a589047163ef3db6') in 0.021772 seconds 
========================================================================
Received Import Request.
  Time since last request: 0.000019 seconds.
  path: Assets/Material/walls.mat
  artifactKey: Guid(398606d4bfa784543816ecc0b0c51051) Importer(815301076,1909f56bfc062723c751e8b465ee728b)
Start importing Assets/Material/walls.mat using Guid(398606d4bfa784543816ecc0b0c51051) Importer(815301076,1909f56bfc062723c751e8b465ee728b)  -> (artifact id: '971b0a1f390488730f6d461fae175249') in 0.034235 seconds 
========================================================================
Received Import Request.
  Time since last request: 51.175159 seconds.
  path: Assets/Import/Materials/Background.svg
  artifactKey: Guid(b86c660e175ddb64eb07ac454cf3e4a6) Importer(815301076,1909f56bfc062723c751e8b465ee728b)
Start importing Assets/Import/Materials/Background.svg using Guid(b86c660e175ddb64eb07ac454cf3e4a6) Importer(815301076,1909f56bfc062723c751e8b465ee728b)  -> (artifact id: '0b39f5cf45bf330c40c1c5f5b420948b') in 0.023909 seconds 
========================================================================
Received Import Request.
  Time since last request: 335.276312 seconds.
  path: Assets/Prefabs/Ground.prefab
  artifactKey: Guid(dcfba8a61bca63a4e8d7899e96867a77) Importer(815301076,1909f56bfc062723c751e8b465ee728b)
Start importing Assets/Prefabs/Ground.prefab using Guid(dcfba8a61bca63a4e8d7899e96867a77) Importer(815301076,1909f56bfc062723c751e8b465ee728b)  -> (artifact id: 'c0ffa68f8cdf327fd26e5c8dfd220679') in 0.052468 seconds 
========================================================================
Received Import Request.
  Time since last request: 33.693965 seconds.
  path: Assets/Material/Dirt.mat
  artifactKey: Guid(dbc9102eeec253d48a6a85953ac08db0) Importer(815301076,1909f56bfc062723c751e8b465ee728b)
Start importing Assets/Material/Dirt.mat using Guid(dbc9102eeec253d48a6a85953ac08db0) Importer(815301076,1909f56bfc062723c751e8b465ee728b)  -> (artifact id: 'cb36c59d2946b19c08a69a047e51ae95') in 0.023534 seconds 
========================================================================
Received Prepare
Registering precompiled user dll's ...
Registered in 0.008059 seconds.
Begin MonoManager ReloadAssembly
Symbol file LoadedFromMemory doesn't match image C:\Users\shers\Documents\GitHub\GameExpanseGame\Library\PackageCache\com.unity.visualscripting@1.7.8\Editor\VisualScripting.Core\Dependencies\YamlDotNet\Unity.VisualScripting.YamlDotNet.dll
Symbol file LoadedFromMemory doesn't match image C:\Users\shers\Documents\GitHub\GameExpanseGame\Library\PackageCache\com.unity.visualscripting@1.7.8\Editor\VisualScripting.Core\Dependencies\DotNetZip\Unity.VisualScripting.IonicZip.dll
Native extension for WindowsStandalone target not found
Native extension for WebGL target not found
Refreshing native plugins compatible for Editor in 89.74 ms, found 3 plugins.
Preloading 0 native plugins for Editor in 0.00 ms.
Mono: successfully reloaded assembly
- Completed reload, in  1.990 seconds
Domain Reload Profiling:
	ReloadAssembly (1997ms)
		BeginReloadAssembly (752ms)
			ExecutionOrderSort (0ms)
			DisableScriptedObjects (40ms)
			BackupInstance (0ms)
			ReleaseScriptingObjects (0ms)
			CreateAndSetChildDomain (277ms)
		EndReloadAssembly (1104ms)
			LoadAssemblies (151ms)
			RebuildTransferFunctionScriptingTraits (0ms)
			SetupTypeCache (328ms)
			ReleaseScriptCaches (2ms)
			RebuildScriptCaches (48ms)
			SetupLoadedEditorAssemblies (541ms)
				LogAssemblyErrors (0ms)
				InitializePlatformSupportModulesInManaged (23ms)
				SetLoadedEditorAssemblies (0ms)
				RefreshPlugins (90ms)
				BeforeProcessingInitializeOnLoad (98ms)
				ProcessInitializeOnLoadAttributes (293ms)
				ProcessInitializeOnLoadMethodAttributes (29ms)
				AfterProcessingInitializeOnLoad (9ms)
				EditorAssembliesLoaded (0ms)
			ExecutionOrderSort2 (0ms)
			AwakeInstancesAfterBackupRestoration (10ms)
Platform modules already initialized, skipping
Refreshing native plugins compatible for Editor in 4.91 ms, found 3 plugins.
Preloading 0 native plugins for Editor in 0.00 ms.
Unloading 3439 Unused Serialized files (Serialized files now loaded: 0)
Unloading 24 unused Assets / (200.6 KB). Loaded Objects now: 3946.
Memory consumption went from 124.0 MB to 123.8 MB.
Total: 5.331500 ms (FindLiveObjects: 0.258500 ms CreateObjectMapping: 0.201800 ms MarkObjects: 4.702400 ms  DeleteObjects: 0.167500 ms)

AssetImportParameters requested are different than current active one (requested -> active):
  custom:video-decoder-ogg-theora: a1e56fd34408186e4bbccfd4996cb3dc -> 
  custom:container-muxer-webm: aa71ff27fc2769a1b78a27578f13a17b -> 
  custom:container-demuxer-webm: 4f35f7cbe854078d1ac9338744f61a02 -> 
  custom:video-encoder-webm-vp8: eb34c28f22e8b96e1ab97ce403110664 -> 
  custom:video-codec-MediaFoundation-h265: 746d11721c4dcdbdad8f713fa42b33f4 -> 
  custom:audio-encoder-webm-vorbis: bf7c407c2cedff20999df2af8eb42d56 -> 
  custom:framework-win-MediaFoundation: 216162199b28c13a410421893ffa2e32 -> 
  custom:container-demuxer-ogg: 62fdf1f143b41e24485cea50d1cbac27 -> 
  custom:video-decoder-webm-vp8: 9c59270c3fd7afecdb556c50c9e8de78 -> 
  custom:audio-decoder-ogg-vorbis: bf7c407c2cedff20999df2af8eb42d56 -> 
========================================================================
Received Import Request.
  Time since last request: 625.559101 seconds.
  path: Assets/Import/Background.svg
  artifactKey: Guid(b86c660e175ddb64eb07ac454cf3e4a6) Importer(815301076,1909f56bfc062723c751e8b465ee728b)
Start importing Assets/Import/Background.svg using Guid(b86c660e175ddb64eb07ac454cf3e4a6) Importer(815301076,1909f56bfc062723c751e8b465ee728b)  -> (artifact id: 'bde5df7fcddd7031d8f0efebc312d0c1') in 0.271342 seconds 
========================================================================
Received Import Request.
  Time since last request: 307.588601 seconds.
  path: Assets/Import/maze.svg
  artifactKey: Guid(9f957f0dc46157545aadfd1cb13d869f) Importer(815301076,1909f56bfc062723c751e8b465ee728b)
Start importing Assets/Import/maze.svg using Guid(9f957f0dc46157545aadfd1cb13d869f) Importer(815301076,1909f56bfc062723c751e8b465ee728b)  -> (artifact id: '86f5eabc6c5757c254dc6010ea7a2e74') in 0.092475 seconds 
========================================================================
Received Import Request.
  Time since last request: 6.267732 seconds.
  path: Assets/Import/Background.svg
  artifactKey: Guid(b86c660e175ddb64eb07ac454cf3e4a6) Importer(815301076,1909f56bfc062723c751e8b465ee728b)
Start importing Assets/Import/Background.svg using Guid(b86c660e175ddb64eb07ac454cf3e4a6) Importer(815301076,1909f56bfc062723c751e8b465ee728b)  -> (artifact id: 'e342d3d8d569a2b345b3ca3add65036b') in 0.076259 seconds 
========================================================================
Received Import Request.
  Time since last request: 3.257607 seconds.
  path: Assets/Import/Ellipse 4.png
  artifactKey: Guid(532680cb2de9bec4c9be516b6f4e3052) Importer(815301076,1909f56bfc062723c751e8b465ee728b)
Start importing Assets/Import/Ellipse 4.png using Guid(532680cb2de9bec4c9be516b6f4e3052) Importer(815301076,1909f56bfc062723c751e8b465ee728b)  -> (artifact id: '69801f593fd8bc8c502b976ff9f8bbdd') in 0.031842 seconds 
========================================================================
Received Import Request.
  Time since last request: 2.243773 seconds.
  path: Assets/Import/Ellipse 4-1.png
  artifactKey: Guid(37ef8b50459bf6848b19ffee9eb331b0) Importer(815301076,1909f56bfc062723c751e8b465ee728b)
Start importing Assets/Import/Ellipse 4-1.png using Guid(37ef8b50459bf6848b19ffee9eb331b0) Importer(815301076,1909f56bfc062723c751e8b465ee728b)  -> (artifact id: '8eba963044fbb059bae75181f57faec0') in 0.019489 seconds 
========================================================================
Received Import Request.
  Time since last request: 2.468223 seconds.
  path: Assets/Import/Ellipse 6.png
  artifactKey: Guid(50c9de6dfa5407541b7e6c779dc8426a) Importer(815301076,1909f56bfc062723c751e8b465ee728b)
Start importing Assets/Import/Ellipse 6.png using Guid(50c9de6dfa5407541b7e6c779dc8426a) Importer(815301076,1909f56bfc062723c751e8b465ee728b)  -> (artifact id: '5b679f7330a906bbdadb9eca56f2a79f') in 0.019748 seconds 
========================================================================
Received Import Request.
  Time since last request: 1.946109 seconds.
  path: Assets/Import/Ellipse 6-1.png
  artifactKey: Guid(0c2e315e2ff5b4d4794c54f63a8ae354) Importer(815301076,1909f56bfc062723c751e8b465ee728b)
Start importing Assets/Import/Ellipse 6-1.png using Guid(0c2e315e2ff5b4d4794c54f63a8ae354) Importer(815301076,1909f56bfc062723c751e8b465ee728b)  -> (artifact id: 'fd94f07b7df2078dd8052d1017c66f36') in 0.021120 seconds 
========================================================================
Received Import Request.
  Time since last request: 843.191467 seconds.
  path: Assets/Import/Materials/Ellipse 1.mat
  artifactKey: Guid(8bdfe0419316c51408279772d0e6f853) Importer(815301076,1909f56bfc062723c751e8b465ee728b)
Start importing Assets/Import/Materials/Ellipse 1.mat using Guid(8bdfe0419316c51408279772d0e6f853) Importer(815301076,1909f56bfc062723c751e8b465ee728b)  -> (artifact id: '9770594001b5277766c1f019b585213f') in 0.056318 seconds 
========================================================================
Received Import Request.
  Time since last request: 0.000033 seconds.
  path: Assets/Import/Materials/Ellipse 6-1.mat
  artifactKey: Guid(44528e36ee539ff44ba9896781da1b36) Importer(815301076,1909f56bfc062723c751e8b465ee728b)
Start importing Assets/Import/Materials/Ellipse 6-1.mat using Guid(44528e36ee539ff44ba9896781da1b36) Importer(815301076,1909f56bfc062723c751e8b465ee728b)  -> (artifact id: '888f9c8132a587a61fba1d36d315d006') in 0.030857 seconds 
========================================================================
Received Import Request.
  Time since last request: 7.146623 seconds.
  path: Assets/New Terrain.asset
  artifactKey: Guid(038b7908a0293d4469768ce76a2bf43e) Importer(815301076,1909f56bfc062723c751e8b465ee728b)
Start importing Assets/New Terrain.asset using Guid(038b7908a0293d4469768ce76a2bf43e) Importer(815301076,1909f56bfc062723c751e8b465ee728b)  -> (artifact id: '423de5fca4f5bcac7b15427171dadfde') in 0.032740 seconds 
========================================================================
Received Import Request.
  Time since last request: 9.169409 seconds.
  path: Assets/Material/Dirt.mat
  artifactKey: Guid(dbc9102eeec253d48a6a85953ac08db0) Importer(815301076,1909f56bfc062723c751e8b465ee728b)
Start importing Assets/Material/Dirt.mat using Guid(dbc9102eeec253d48a6a85953ac08db0) Importer(815301076,1909f56bfc062723c751e8b465ee728b)  -> (artifact id: 'ea0a0219a4f31680b6219205657605fc') in 0.018977 seconds 
========================================================================
Received Import Request.
  Time since last request: 192.440610 seconds.
  path: Assets/Movement.cs
  artifactKey: Guid(48b92766460bc4f42a741c95dde61637) Importer(815301076,1909f56bfc062723c751e8b465ee728b)
Start importing Assets/Movement.cs using Guid(48b92766460bc4f42a741c95dde61637) Importer(815301076,1909f56bfc062723c751e8b465ee728b)  -> (artifact id: '7211e076222e84a22fe9fa32da3d537c') in 0.009878 seconds 
========================================================================
Received Import Request.
  Time since last request: 1072.925524 seconds.
  path: Assets/Import/Ellipse 2.png
  artifactKey: Guid(0a3d2a94519e0204a8a9b2a9a6d443cc) Importer(815301076,1909f56bfc062723c751e8b465ee728b)
Start importing Assets/Import/Ellipse 2.png using Guid(0a3d2a94519e0204a8a9b2a9a6d443cc) Importer(815301076,1909f56bfc062723c751e8b465ee728b)  -> (artifact id: 'b111f6a75b93a1715edda4ada9fa58d1') in 0.058317 seconds 
========================================================================
Received Import Request.
  Time since last request: 165.934470 seconds.
  path: Assets/Import/mesh.fbx
  artifactKey: Guid(ce27fa6b914faa24ba785ba873184119) Importer(815301076,1909f56bfc062723c751e8b465ee728b)
Start importing Assets/Import/mesh.fbx using Guid(ce27fa6b914faa24ba785ba873184119) Importer(815301076,1909f56bfc062723c751e8b465ee728b)  -> (artifact id: '4b362a90686f836050fe844665228190') in 0.190437 seconds 
========================================================================
Received Prepare
Registering precompiled user dll's ...
Registered in 0.007450 seconds.
Begin MonoManager ReloadAssembly
Symbol file LoadedFromMemory doesn't match image C:\Users\shers\Documents\GitHub\GameExpanseGame\Library\PackageCache\com.unity.visualscripting@1.7.8\Editor\VisualScripting.Core\Dependencies\YamlDotNet\Unity.VisualScripting.YamlDotNet.dll
Symbol file LoadedFromMemory doesn't match image C:\Users\shers\Documents\GitHub\GameExpanseGame\Library\PackageCache\com.unity.visualscripting@1.7.8\Editor\VisualScripting.Core\Dependencies\DotNetZip\Unity.VisualScripting.IonicZip.dll
Native extension for WindowsStandalone target not found
Native extension for WebGL target not found
Refreshing native plugins compatible for Editor in 0.99 ms, found 3 plugins.
Preloading 0 native plugins for Editor in 0.00 ms.
Mono: successfully reloaded assembly
- Completed reload, in  1.887 seconds
Domain Reload Profiling:
	ReloadAssembly (1889ms)
		BeginReloadAssembly (542ms)
			ExecutionOrderSort (0ms)
			DisableScriptedObjects (31ms)
			BackupInstance (0ms)
			ReleaseScriptingObjects (0ms)
			CreateAndSetChildDomain (266ms)
		EndReloadAssembly (1180ms)
			LoadAssemblies (183ms)
			RebuildTransferFunctionScriptingTraits (0ms)
			SetupTypeCache (422ms)
			ReleaseScriptCaches (4ms)
			RebuildScriptCaches (65ms)
			SetupLoadedEditorAssemblies (478ms)
				LogAssemblyErrors (0ms)
				InitializePlatformSupportModulesInManaged (20ms)
				SetLoadedEditorAssemblies (2ms)
				RefreshPlugins (1ms)
				BeforeProcessingInitializeOnLoad (97ms)
				ProcessInitializeOnLoadAttributes (310ms)
				ProcessInitializeOnLoadMethodAttributes (37ms)
				AfterProcessingInitializeOnLoad (10ms)
				EditorAssembliesLoaded (0ms)
			ExecutionOrderSort2 (0ms)
			AwakeInstancesAfterBackupRestoration (12ms)
Platform modules already initialized, skipping
Refreshing native plugins compatible for Editor in 1.95 ms, found 3 plugins.
Preloading 0 native plugins for Editor in 0.00 ms.
Unloading 3439 Unused Serialized files (Serialized files now loaded: 0)
Unloading 25 unused Assets / (0.7 MB). Loaded Objects now: 3959.
Memory consumption went from 125.0 MB to 124.3 MB.
Total: 4.364200 ms (FindLiveObjects: 0.301700 ms CreateObjectMapping: 0.094500 ms MarkObjects: 3.573200 ms  DeleteObjects: 0.393800 ms)

AssetImportParameters requested are different than current active one (requested -> active):
  custom:video-decoder-ogg-theora: a1e56fd34408186e4bbccfd4996cb3dc -> 
  custom:container-muxer-webm: aa71ff27fc2769a1b78a27578f13a17b -> 
  custom:container-demuxer-webm: 4f35f7cbe854078d1ac9338744f61a02 -> 
  custom:video-encoder-webm-vp8: eb34c28f22e8b96e1ab97ce403110664 -> 
  custom:video-codec-MediaFoundation-h265: 746d11721c4dcdbdad8f713fa42b33f4 -> 
  custom:audio-encoder-webm-vorbis: bf7c407c2cedff20999df2af8eb42d56 -> 
  custom:framework-win-MediaFoundation: 216162199b28c13a410421893ffa2e32 -> 
  custom:container-demuxer-ogg: 62fdf1f143b41e24485cea50d1cbac27 -> 
  custom:video-decoder-webm-vp8: 9c59270c3fd7afecdb556c50c9e8de78 -> 
  custom:audio-decoder-ogg-vorbis: bf7c407c2cedff20999df2af8eb42d56 -> 
========================================================================
Received Prepare
Registering precompiled user dll's ...
Registered in 0.007652 seconds.
Begin MonoManager ReloadAssembly
Symbol file LoadedFromMemory doesn't match image C:\Users\shers\Documents\GitHub\GameExpanseGame\Library\PackageCache\com.unity.visualscripting@1.7.8\Editor\VisualScripting.Core\Dependencies\YamlDotNet\Unity.VisualScripting.YamlDotNet.dll
Symbol file LoadedFromMemory doesn't match image C:\Users\shers\Documents\GitHub\GameExpanseGame\Library\PackageCache\com.unity.visualscripting@1.7.8\Editor\VisualScripting.Core\Dependencies\DotNetZip\Unity.VisualScripting.IonicZip.dll
Native extension for WindowsStandalone target not found
Native extension for WebGL target not found
Refreshing native plugins compatible for Editor in 0.85 ms, found 3 plugins.
Preloading 0 native plugins for Editor in 0.00 ms.
Mono: successfully reloaded assembly
- Completed reload, in  1.332 seconds
Domain Reload Profiling:
	ReloadAssembly (1333ms)
		BeginReloadAssembly (159ms)
			ExecutionOrderSort (0ms)
			DisableScriptedObjects (6ms)
			BackupInstance (0ms)
			ReleaseScriptingObjects (0ms)
			CreateAndSetChildDomain (41ms)
		EndReloadAssembly (1026ms)
			LoadAssemblies (121ms)
			RebuildTransferFunctionScriptingTraits (0ms)
			SetupTypeCache (338ms)
			ReleaseScriptCaches (2ms)
			RebuildScriptCaches (57ms)
			SetupLoadedEditorAssemblies (450ms)
				LogAssemblyErrors (0ms)
				InitializePlatformSupportModulesInManaged (18ms)
				SetLoadedEditorAssemblies (1ms)
				RefreshPlugins (1ms)
				BeforeProcessingInitializeOnLoad (104ms)
				ProcessInitializeOnLoadAttributes (283ms)
				ProcessInitializeOnLoadMethodAttributes (33ms)
				AfterProcessingInitializeOnLoad (9ms)
				EditorAssembliesLoaded (0ms)
			ExecutionOrderSort2 (0ms)
			AwakeInstancesAfterBackupRestoration (10ms)
Platform modules already initialized, skipping
Refreshing native plugins compatible for Editor in 2.91 ms, found 3 plugins.
Preloading 0 native plugins for Editor in 0.00 ms.
Unloading 3438 Unused Serialized files (Serialized files now loaded: 0)
Unloading 23 unused Assets / (174.6 KB). Loaded Objects now: 3962.
Memory consumption went from 124.4 MB to 124.2 MB.
Total: 4.676600 ms (FindLiveObjects: 0.421400 ms CreateObjectMapping: 0.106600 ms MarkObjects: 3.892600 ms  DeleteObjects: 0.254500 ms)

AssetImportParameters requested are different than current active one (requested -> active):
  custom:video-decoder-ogg-theora: a1e56fd34408186e4bbccfd4996cb3dc -> 
  custom:container-muxer-webm: aa71ff27fc2769a1b78a27578f13a17b -> 
  custom:container-demuxer-webm: 4f35f7cbe854078d1ac9338744f61a02 -> 
  custom:video-encoder-webm-vp8: eb34c28f22e8b96e1ab97ce403110664 -> 
  custom:video-codec-MediaFoundation-h265: 746d11721c4dcdbdad8f713fa42b33f4 -> 
  custom:audio-encoder-webm-vorbis: bf7c407c2cedff20999df2af8eb42d56 -> 
  custom:framework-win-MediaFoundation: 216162199b28c13a410421893ffa2e32 -> 
  custom:container-demuxer-ogg: 62fdf1f143b41e24485cea50d1cbac27 -> 
  custom:video-decoder-webm-vp8: 9c59270c3fd7afecdb556c50c9e8de78 -> 
  custom:audio-decoder-ogg-vorbis: bf7c407c2cedff20999df2af8eb42d56 -> 
========================================================================
Received Import Request.
  Time since last request: 442.472627 seconds.
  path: Assets/Material/Maze.mat
  artifactKey: Guid(8a5fb1e20aa801d4292a98e72c206a59) Importer(815301076,1909f56bfc062723c751e8b465ee728b)
Start importing Assets/Material/Maze.mat using Guid(8a5fb1e20aa801d4292a98e72c206a59) Importer(815301076,1909f56bfc062723c751e8b465ee728b)  -> (artifact id: '603ce7c385fe489e4fbe4a3f3cb588bd') in 0.104404 seconds 
========================================================================
Received Prepare
Registering precompiled user dll's ...
Registered in 0.007659 seconds.
Begin MonoManager ReloadAssembly
Symbol file LoadedFromMemory doesn't match image C:\Users\shers\Documents\GitHub\GameExpanseGame\Library\PackageCache\com.unity.visualscripting@1.7.8\Editor\VisualScripting.Core\Dependencies\YamlDotNet\Unity.VisualScripting.YamlDotNet.dll
Symbol file LoadedFromMemory doesn't match image C:\Users\shers\Documents\GitHub\GameExpanseGame\Library\PackageCache\com.unity.visualscripting@1.7.8\Editor\VisualScripting.Core\Dependencies\DotNetZip\Unity.VisualScripting.IonicZip.dll
Native extension for WindowsStandalone target not found
Native extension for WebGL target not found
Refreshing native plugins compatible for Editor in 1.23 ms, found 3 plugins.
Preloading 0 native plugins for Editor in 0.00 ms.
Mono: successfully reloaded assembly
- Completed reload, in  1.229 seconds
Domain Reload Profiling:
	ReloadAssembly (1230ms)
		BeginReloadAssembly (150ms)
			ExecutionOrderSort (0ms)
			DisableScriptedObjects (4ms)
			BackupInstance (0ms)
			ReleaseScriptingObjects (0ms)
			CreateAndSetChildDomain (45ms)
		EndReloadAssembly (971ms)
			LoadAssemblies (105ms)
			RebuildTransferFunctionScriptingTraits (0ms)
			SetupTypeCache (311ms)
			ReleaseScriptCaches (2ms)
			RebuildScriptCaches (62ms)
			SetupLoadedEditorAssemblies (428ms)
				LogAssemblyErrors (0ms)
				InitializePlatformSupportModulesInManaged (17ms)
				SetLoadedEditorAssemblies (1ms)
				RefreshPlugins (1ms)
				BeforeProcessingInitializeOnLoad (88ms)
				ProcessInitializeOnLoadAttributes (276ms)
				ProcessInitializeOnLoadMethodAttributes (33ms)
				AfterProcessingInitializeOnLoad (12ms)
				EditorAssembliesLoaded (0ms)
			ExecutionOrderSort2 (0ms)
			AwakeInstancesAfterBackupRestoration (10ms)
Platform modules already initialized, skipping
Refreshing native plugins compatible for Editor in 3.25 ms, found 3 plugins.
Preloading 0 native plugins for Editor in 0.00 ms.
Unloading 3438 Unused Serialized files (Serialized files now loaded: 0)
Unloading 23 unused Assets / (174.6 KB). Loaded Objects now: 3965.
Memory consumption went from 124.4 MB to 124.3 MB.
Total: 5.139500 ms (FindLiveObjects: 0.543500 ms CreateObjectMapping: 0.175700 ms MarkObjects: 4.252400 ms  DeleteObjects: 0.166800 ms)

AssetImportParameters requested are different than current active one (requested -> active):
  custom:video-decoder-ogg-theora: a1e56fd34408186e4bbccfd4996cb3dc -> 
  custom:container-muxer-webm: aa71ff27fc2769a1b78a27578f13a17b -> 
  custom:container-demuxer-webm: 4f35f7cbe854078d1ac9338744f61a02 -> 
  custom:video-encoder-webm-vp8: eb34c28f22e8b96e1ab97ce403110664 -> 
  custom:video-codec-MediaFoundation-h265: 746d11721c4dcdbdad8f713fa42b33f4 -> 
  custom:audio-encoder-webm-vorbis: bf7c407c2cedff20999df2af8eb42d56 -> 
  custom:framework-win-MediaFoundation: 216162199b28c13a410421893ffa2e32 -> 
  custom:container-demuxer-ogg: 62fdf1f143b41e24485cea50d1cbac27 -> 
  custom:video-decoder-webm-vp8: 9c59270c3fd7afecdb556c50c9e8de78 -> 
  custom:audio-decoder-ogg-vorbis: bf7c407c2cedff20999df2af8eb42d56 -> 
========================================================================
Received Prepare
Registering precompiled user dll's ...
Registered in 0.006318 seconds.
Begin MonoManager ReloadAssembly
Symbol file LoadedFromMemory doesn't match image C:\Users\shers\Documents\GitHub\GameExpanseGame\Library\PackageCache\com.unity.visualscripting@1.7.8\Editor\VisualScripting.Core\Dependencies\YamlDotNet\Unity.VisualScripting.YamlDotNet.dll
Symbol file LoadedFromMemory doesn't match image C:\Users\shers\Documents\GitHub\GameExpanseGame\Library\PackageCache\com.unity.visualscripting@1.7.8\Editor\VisualScripting.Core\Dependencies\DotNetZip\Unity.VisualScripting.IonicZip.dll
Native extension for WindowsStandalone target not found
Native extension for WebGL target not found
Refreshing native plugins compatible for Editor in 1.32 ms, found 3 plugins.
Preloading 0 native plugins for Editor in 0.00 ms.
Mono: successfully reloaded assembly
- Completed reload, in  1.232 seconds
Domain Reload Profiling:
	ReloadAssembly (1233ms)
		BeginReloadAssembly (148ms)
			ExecutionOrderSort (0ms)
			DisableScriptedObjects (6ms)
			BackupInstance (0ms)
			ReleaseScriptingObjects (0ms)
			CreateAndSetChildDomain (43ms)
		EndReloadAssembly (967ms)
			LoadAssemblies (93ms)
			RebuildTransferFunctionScriptingTraits (0ms)
			SetupTypeCache (304ms)
			ReleaseScriptCaches (2ms)
			RebuildScriptCaches (61ms)
			SetupLoadedEditorAssemblies (436ms)
				LogAssemblyErrors (0ms)
				InitializePlatformSupportModulesInManaged (20ms)
				SetLoadedEditorAssemblies (1ms)
				RefreshPlugins (1ms)
				BeforeProcessingInitializeOnLoad (104ms)
				ProcessInitializeOnLoadAttributes (272ms)
				ProcessInitializeOnLoadMethodAttributes (30ms)
				AfterProcessingInitializeOnLoad (8ms)
				EditorAssembliesLoaded (0ms)
			ExecutionOrderSort2 (0ms)
			AwakeInstancesAfterBackupRestoration (8ms)
Platform modules already initialized, skipping
Refreshing native plugins compatible for Editor in 2.97 ms, found 3 plugins.
Preloading 0 native plugins for Editor in 0.00 ms.
Unloading 3438 Unused Serialized files (Serialized files now loaded: 0)
Unloading 23 unused Assets / (174.5 KB). Loaded Objects now: 3968.
Memory consumption went from 124.4 MB to 124.3 MB.
Total: 4.510100 ms (FindLiveObjects: 0.457900 ms CreateObjectMapping: 0.099600 ms MarkObjects: 3.679200 ms  DeleteObjects: 0.271600 ms)

AssetImportParameters requested are different than current active one (requested -> active):
  custom:video-decoder-ogg-theora: a1e56fd34408186e4bbccfd4996cb3dc -> 
  custom:container-muxer-webm: aa71ff27fc2769a1b78a27578f13a17b -> 
  custom:container-demuxer-webm: 4f35f7cbe854078d1ac9338744f61a02 -> 
  custom:video-encoder-webm-vp8: eb34c28f22e8b96e1ab97ce403110664 -> 
  custom:video-codec-MediaFoundation-h265: 746d11721c4dcdbdad8f713fa42b33f4 -> 
  custom:audio-encoder-webm-vorbis: bf7c407c2cedff20999df2af8eb42d56 -> 
  custom:framework-win-MediaFoundation: 216162199b28c13a410421893ffa2e32 -> 
  custom:container-demuxer-ogg: 62fdf1f143b41e24485cea50d1cbac27 -> 
  custom:video-decoder-webm-vp8: 9c59270c3fd7afecdb556c50c9e8de78 -> 
  custom:audio-decoder-ogg-vorbis: bf7c407c2cedff20999df2af8eb42d56 -> 
========================================================================
Received Prepare
Registering precompiled user dll's ...
Registered in 0.007015 seconds.
Begin MonoManager ReloadAssembly
Symbol file LoadedFromMemory doesn't match image C:\Users\shers\Documents\GitHub\GameExpanseGame\Library\PackageCache\com.unity.visualscripting@1.7.8\Editor\VisualScripting.Core\Dependencies\YamlDotNet\Unity.VisualScripting.YamlDotNet.dll
Symbol file LoadedFromMemory doesn't match image C:\Users\shers\Documents\GitHub\GameExpanseGame\Library\PackageCache\com.unity.visualscripting@1.7.8\Editor\VisualScripting.Core\Dependencies\DotNetZip\Unity.VisualScripting.IonicZip.dll
Native extension for WindowsStandalone target not found
Native extension for WebGL target not found
Refreshing native plugins compatible for Editor in 1.19 ms, found 3 plugins.
Preloading 0 native plugins for Editor in 0.00 ms.
Mono: successfully reloaded assembly
- Completed reload, in  1.278 seconds
Domain Reload Profiling:
	ReloadAssembly (1279ms)
		BeginReloadAssembly (194ms)
			ExecutionOrderSort (0ms)
			DisableScriptedObjects (7ms)
			BackupInstance (0ms)
			ReleaseScriptingObjects (0ms)
			CreateAndSetChildDomain (63ms)
		EndReloadAssembly (937ms)
			LoadAssemblies (121ms)
			RebuildTransferFunctionScriptingTraits (0ms)
			SetupTypeCache (278ms)
			ReleaseScriptCaches (2ms)
			RebuildScriptCaches (53ms)
			SetupLoadedEditorAssemblies (443ms)
				LogAssemblyErrors (0ms)
				InitializePlatformSupportModulesInManaged (18ms)
				SetLoadedEditorAssemblies (1ms)
				RefreshPlugins (1ms)
				BeforeProcessingInitializeOnLoad (87ms)
				ProcessInitializeOnLoadAttributes (294ms)
				ProcessInitializeOnLoadMethodAttributes (32ms)
				AfterProcessingInitializeOnLoad (10ms)
				EditorAssembliesLoaded (0ms)
			ExecutionOrderSort2 (0ms)
			AwakeInstancesAfterBackupRestoration (9ms)
Platform modules already initialized, skipping
Refreshing native plugins compatible for Editor in 2.96 ms, found 3 plugins.
Preloading 0 native plugins for Editor in 0.00 ms.
Unloading 3438 Unused Serialized files (Serialized files now loaded: 0)
Unloading 23 unused Assets / (174.5 KB). Loaded Objects now: 3971.
Memory consumption went from 124.4 MB to 124.3 MB.
Total: 4.916800 ms (FindLiveObjects: 0.644500 ms CreateObjectMapping: 0.114300 ms MarkObjects: 3.709100 ms  DeleteObjects: 0.447300 ms)

AssetImportParameters requested are different than current active one (requested -> active):
  custom:video-decoder-ogg-theora: a1e56fd34408186e4bbccfd4996cb3dc -> 
  custom:container-muxer-webm: aa71ff27fc2769a1b78a27578f13a17b -> 
  custom:container-demuxer-webm: 4f35f7cbe854078d1ac9338744f61a02 -> 
  custom:video-encoder-webm-vp8: eb34c28f22e8b96e1ab97ce403110664 -> 
  custom:video-codec-MediaFoundation-h265: 746d11721c4dcdbdad8f713fa42b33f4 -> 
  custom:audio-encoder-webm-vorbis: bf7c407c2cedff20999df2af8eb42d56 -> 
  custom:framework-win-MediaFoundation: 216162199b28c13a410421893ffa2e32 -> 
  custom:container-demuxer-ogg: 62fdf1f143b41e24485cea50d1cbac27 -> 
  custom:video-decoder-webm-vp8: 9c59270c3fd7afecdb556c50c9e8de78 -> 
  custom:audio-decoder-ogg-vorbis: bf7c407c2cedff20999df2af8eb42d56 -> 
========================================================================
Received Prepare
Registering precompiled user dll's ...
Registered in 0.006565 seconds.
Begin MonoManager ReloadAssembly
Symbol file LoadedFromMemory doesn't match image C:\Users\shers\Documents\GitHub\GameExpanseGame\Library\PackageCache\com.unity.visualscripting@1.7.8\Editor\VisualScripting.Core\Dependencies\YamlDotNet\Unity.VisualScripting.YamlDotNet.dll
Symbol file LoadedFromMemory doesn't match image C:\Users\shers\Documents\GitHub\GameExpanseGame\Library\PackageCache\com.unity.visualscripting@1.7.8\Editor\VisualScripting.Core\Dependencies\DotNetZip\Unity.VisualScripting.IonicZip.dll
Native extension for WindowsStandalone target not found
Native extension for WebGL target not found
Refreshing native plugins compatible for Editor in 77.95 ms, found 3 plugins.
Preloading 0 native plugins for Editor in 0.00 ms.
Mono: successfully reloaded assembly
- Completed reload, in  1.127 seconds
Domain Reload Profiling:
	ReloadAssembly (1128ms)
		BeginReloadAssembly (179ms)
			ExecutionOrderSort (0ms)
			DisableScriptedObjects (6ms)
			BackupInstance (0ms)
			ReleaseScriptingObjects (0ms)
			CreateAndSetChildDomain (50ms)
		EndReloadAssembly (821ms)
			LoadAssemblies (111ms)
			RebuildTransferFunctionScriptingTraits (0ms)
			SetupTypeCache (238ms)
			ReleaseScriptCaches (1ms)
			RebuildScriptCaches (38ms)
			SetupLoadedEditorAssemblies (409ms)
				LogAssemblyErrors (0ms)
				InitializePlatformSupportModulesInManaged (12ms)
				SetLoadedEditorAssemblies (0ms)
				RefreshPlugins (78ms)
				BeforeProcessingInitializeOnLoad (69ms)
				ProcessInitializeOnLoadAttributes (215ms)
				ProcessInitializeOnLoadMethodAttributes (24ms)
				AfterProcessingInitializeOnLoad (10ms)
				EditorAssembliesLoaded (0ms)
			ExecutionOrderSort2 (0ms)
			AwakeInstancesAfterBackupRestoration (9ms)
Platform modules already initialized, skipping
Refreshing native plugins compatible for Editor in 2.25 ms, found 3 plugins.
Preloading 0 native plugins for Editor in 0.00 ms.
Unloading 3358 Unused Serialized files (Serialized files now loaded: 0)
Unloading 46 unused Assets / (24.7 KB). Loaded Objects now: 3949.
Memory consumption went from 122.0 MB to 122.0 MB.
Total: 4.448800 ms (FindLiveObjects: 0.503400 ms CreateObjectMapping: 0.122500 ms MarkObjects: 3.772400 ms  DeleteObjects: 0.049600 ms)

AssetImportParameters requested are different than current active one (requested -> active):
  custom:video-decoder-ogg-theora: a1e56fd34408186e4bbccfd4996cb3dc -> 
  custom:container-muxer-webm: aa71ff27fc2769a1b78a27578f13a17b -> 
  custom:container-demuxer-webm: 4f35f7cbe854078d1ac9338744f61a02 -> 
  custom:video-encoder-webm-vp8: eb34c28f22e8b96e1ab97ce403110664 -> 
  custom:video-codec-MediaFoundation-h265: 746d11721c4dcdbdad8f713fa42b33f4 -> 
  custom:audio-encoder-webm-vorbis: bf7c407c2cedff20999df2af8eb42d56 -> 
  custom:framework-win-MediaFoundation: 216162199b28c13a410421893ffa2e32 -> 
  custom:container-demuxer-ogg: 62fdf1f143b41e24485cea50d1cbac27 -> 
  custom:video-decoder-webm-vp8: 9c59270c3fd7afecdb556c50c9e8de78 -> 
  custom:audio-decoder-ogg-vorbis: bf7c407c2cedff20999df2af8eb42d56 -> 
========================================================================
Received Import Request.
  Time since last request: 5509.821227 seconds.
  path: Assets/prefabs/Rocket.prefab
  artifactKey: Guid(885a2ffed8b33bf4ab28263ab4241cf2) Importer(815301076,1909f56bfc062723c751e8b465ee728b)
Start importing Assets/prefabs/Rocket.prefab using Guid(885a2ffed8b33bf4ab28263ab4241cf2) Importer(815301076,1909f56bfc062723c751e8b465ee728b)  -> (artifact id: '4372e626422e30f587d40c0e23de5fa1') in 0.104109 seconds 
========================================================================
Received Import Request.
  Time since last request: 2.848049 seconds.
  path: Assets/prefabs
  artifactKey: Guid(468ff89883d785b4e8ef369abbd4b215) Importer(815301076,1909f56bfc062723c751e8b465ee728b)
Start importing Assets/prefabs using Guid(468ff89883d785b4e8ef369abbd4b215) Importer(815301076,1909f56bfc062723c751e8b465ee728b)  -> (artifact id: '6279ec9ccbd9c27138568f21d66c7b76') in 0.012637 seconds 
========================================================================
Received Import Request.
  Time since last request: 2.255667 seconds.
  path: Assets/materials
  artifactKey: Guid(99407dab33fe06f4182decc79d5831a6) Importer(815301076,1909f56bfc062723c751e8b465ee728b)
Start importing Assets/materials using Guid(99407dab33fe06f4182decc79d5831a6) Importer(815301076,1909f56bfc062723c751e8b465ee728b)  -> (artifact id: '31c5240389982ed3e1ccf40e8a33127a') in 0.023602 seconds 
========================================================================
Received Import Request.
  Time since last request: 0.121773 seconds.
  path: Assets/materials/mesh.fbx
  artifactKey: Guid(e4d67b0eca9e84e48b3232751747761f) Importer(815301076,1909f56bfc062723c751e8b465ee728b)
Start importing Assets/materials/mesh.fbx using Guid(e4d67b0eca9e84e48b3232751747761f) Importer(815301076,1909f56bfc062723c751e8b465ee728b)  -> (artifact id: 'e6de8d283f434122b166172af138b706') in 0.066315 seconds 
========================================================================
Received Import Request.
  Time since last request: 4.180801 seconds.
  path: Assets/Scenes/rocket.unity
  artifactKey: Guid(3dc8c482d4ad3f44cb705089e9dab5c3) Importer(815301076,1909f56bfc062723c751e8b465ee728b)
Start importing Assets/Scenes/rocket.unity using Guid(3dc8c482d4ad3f44cb705089e9dab5c3) Importer(815301076,1909f56bfc062723c751e8b465ee728b)  -> (artifact id: '4eb33c8e63035b35bbf9102773fb90f3') in 0.013929 seconds 
========================================================================
Received Prepare
Registering precompiled user dll's ...
Registered in 0.006224 seconds.
Begin MonoManager ReloadAssembly
Symbol file LoadedFromMemory doesn't match image C:\Users\shers\Documents\GitHub\GameExpanseGame\Library\PackageCache\com.unity.visualscripting@1.7.8\Editor\VisualScripting.Core\Dependencies\YamlDotNet\Unity.VisualScripting.YamlDotNet.dll
Symbol file LoadedFromMemory doesn't match image C:\Users\shers\Documents\GitHub\GameExpanseGame\Library\PackageCache\com.unity.visualscripting@1.7.8\Editor\VisualScripting.Core\Dependencies\DotNetZip\Unity.VisualScripting.IonicZip.dll
Native extension for WindowsStandalone target not found
Native extension for WebGL target not found
Refreshing native plugins compatible for Editor in 71.01 ms, found 3 plugins.
Preloading 0 native plugins for Editor in 0.00 ms.
Mono: successfully reloaded assembly
- Completed reload, in  1.275 seconds
Domain Reload Profiling:
	ReloadAssembly (1275ms)
		BeginReloadAssembly (159ms)
			ExecutionOrderSort (0ms)
			DisableScriptedObjects (6ms)
			BackupInstance (0ms)
			ReleaseScriptingObjects (0ms)
			CreateAndSetChildDomain (44ms)
		EndReloadAssembly (1010ms)
			LoadAssemblies (107ms)
			RebuildTransferFunctionScriptingTraits (0ms)
			SetupTypeCache (294ms)
			ReleaseScriptCaches (2ms)
			RebuildScriptCaches (52ms)
			SetupLoadedEditorAssemblies (494ms)
				LogAssemblyErrors (0ms)
				InitializePlatformSupportModulesInManaged (16ms)
				SetLoadedEditorAssemblies (0ms)
				RefreshPlugins (71ms)
				BeforeProcessingInitializeOnLoad (65ms)
				ProcessInitializeOnLoadAttributes (225ms)
				ProcessInitializeOnLoadMethodAttributes (109ms)
				AfterProcessingInitializeOnLoad (7ms)
				EditorAssembliesLoaded (0ms)
			ExecutionOrderSort2 (0ms)
			AwakeInstancesAfterBackupRestoration (8ms)
Platform modules already initialized, skipping
Refreshing native plugins compatible for Editor in 2.77 ms, found 3 plugins.
Preloading 0 native plugins for Editor in 0.00 ms.
Unloading 3438 Unused Serialized files (Serialized files now loaded: 0)
Unloading 26 unused Assets / (174.6 KB). Loaded Objects now: 3979.
Memory consumption went from 124.5 MB to 124.3 MB.
Total: 3.909600 ms (FindLiveObjects: 0.325800 ms CreateObjectMapping: 0.091200 ms MarkObjects: 3.329500 ms  DeleteObjects: 0.161500 ms)

AssetImportParameters requested are different than current active one (requested -> active):
  custom:video-decoder-ogg-theora: a1e56fd34408186e4bbccfd4996cb3dc -> 
  custom:container-muxer-webm: aa71ff27fc2769a1b78a27578f13a17b -> 
  custom:container-demuxer-webm: 4f35f7cbe854078d1ac9338744f61a02 -> 
  custom:video-encoder-webm-vp8: eb34c28f22e8b96e1ab97ce403110664 -> 
  custom:video-codec-MediaFoundation-h265: 746d11721c4dcdbdad8f713fa42b33f4 -> 
  custom:audio-encoder-webm-vorbis: bf7c407c2cedff20999df2af8eb42d56 -> 
  custom:framework-win-MediaFoundation: 216162199b28c13a410421893ffa2e32 -> 
  custom:container-demuxer-ogg: 62fdf1f143b41e24485cea50d1cbac27 -> 
  custom:video-decoder-webm-vp8: 9c59270c3fd7afecdb556c50c9e8de78 -> 
  custom:audio-decoder-ogg-vorbis: bf7c407c2cedff20999df2af8eb42d56 -> 
========================================================================
Received Import Request.
  Time since last request: 64.652647 seconds.
  path: Assets/Prefabs/Ground.prefab
  artifactKey: Guid(dcfba8a61bca63a4e8d7899e96867a77) Importer(815301076,1909f56bfc062723c751e8b465ee728b)
Start importing Assets/Prefabs/Ground.prefab using Guid(dcfba8a61bca63a4e8d7899e96867a77) Importer(815301076,1909f56bfc062723c751e8b465ee728b)  -> (artifact id: '131e84c58ff520d5bdbb90850c3a796f') in 0.084990 seconds 
